HERMAN   AT R1LB1 20191204070112; NEWFILE  : LVL2XRA  EXEC     A1 V         38          3          1 2019-11-22 15:38:34
HERMAN   AT R1LB1 20191204070112;
HERMAN   AT R1LB1 20191204070112; COPYFILE LVL2XRA EXEC A1 = = X (OLDDATE
HERMAN   AT R1LB1 20191204070112; CLEANUP  :
HERMAN   AT R1LB1 20191204070112; REPLACING: DVHXRA   EXEC     X1 V         82        286          4 2019-10-08 12:28:19
HERMAN   AT R1LB1 20191204070112; WITH     : DVHXRA   EXEC     A1 V         82        331          5 2019-11-22 15:30:10
HERMAN   AT R1LB1 20191204070112; RENAME DVHXRA EXEC X = EXEC00 X0 (NOUPDIRT
HERMAN   AT R1LB1 20191204070112; COPYFILE DVHXRA EXEC A1 = = X (OLDDATE
HERMAN   AT R1LB1 20191204070112; CLEANUP  :
HERMAN   AT R1LB1 20191204070112; REPLACING: CONFIG   DVHXRA   X1 V         64         15          1 2019-09-26 12:44:26
HERMAN   AT R1LB1 20191204070112; WITH     : CONFIG   DVHXRA   A1 V         64         15          1 2019-11-22 15:28:55
HERMAN   AT R1LB1 20191204070112; RENAME CONFIG DVHXRA X = DVHXRA00 X0 (NOUPDIRT
HERMAN   AT R1LB1 20191204070112; COPYFILE CONFIG DVHXRA A1 = = X (OLDDATE
HERMAN   AT R1LB1 20191204070112; CLEANUP  :
HERMAN   AT R1LB1 20191204070112; NEWFILE  : LVL1XRA  EXEC     A1 V         53          8          1 2019-11-20 08:30:20
HERMAN   AT R1LB1 20191204070112;
HERMAN   AT R1LB1 20191204070112; COPYFILE LVL1XRA EXEC A1 = = X (OLDDATE
HERMAN   AT R1LB1 20191204070112; CLEANUP  :
HERMAN   AT R1LB1 20191204070112; NEWFILE  : DVHXRA   EXECORG  A1 V         82        286          4 2019-10-08 12:28:19
HERMAN   AT R1LB1 20191204070112;
HERMAN   AT R1LB1 20191204070112; COPYFILE DVHXRA EXECORG A1 = = X (OLDDATE
HERMAN   AT R1LB1 20191204070112; CLEANUP  :
